2020-02-05 12:59:44 INFO  ApacheHttpClient.sendEvent(526) - responseCode = 200
2020-02-05 13:00:44 INFO  ApacheHttpClient.sendEvent(526) - responseCode = 200
2020-02-05 13:01:44 INFO  ApacheHttpClient.sendEvent(526) - responseCode = 200
2020-02-05 13:02:44 INFO  ApacheHttpClient.sendEvent(526) - responseCode = 200
2020-02-05 13:03:44 INFO  ApacheHttpClient.sendEvent(526) - responseCode = 200
2020-02-05 13:04:44 INFO  ApacheHttpClient.sendEvent(526) - responseCode = 200
2020-02-05 13:05:44 INFO  ApacheHttpClient.sendEvent(526) - responseCode = 200
2020-02-05 13:06:44 INFO  ApacheHttpClient.sendEvent(526) - responseCode = 200
2020-02-05 13:07:44 INFO  ApacheHttpClient.sendEvent(526) - responseCode = 200
2020-02-05 13:08:44 INFO  ApacheHttpClient.sendEvent(526) - responseCode = 200
2020-02-05 13:09:44 INFO  ApacheHttpClient.sendEvent(526) - responseCode = 200
2020-02-05 13:10:44 INFO  ApacheHttpClient.sendEvent(526) - responseCode = 200
2020-02-05 13:11:45 INFO  ApacheHttpClient.sendEvent(526) - responseCode = 200
2020-02-05 13:12:44 INFO  ApacheHttpClient.sendEvent(526) - responseCode = 200
2020-02-05 13:13:44 INFO  ApacheHttpClient.sendEvent(526) - responseCode = 200
2020-02-05 13:14:44 INFO  ApacheHttpClient.sendEvent(526) - responseCode = 200
2020-02-05 13:15:44 INFO  ApacheHttpClient.sendEvent(526) - responseCode = 200
2020-02-05 13:16:44 INFO  ApacheHttpClient.sendEvent(526) - responseCode = 200
2020-02-05 13:17:44 INFO  ApacheHttpClient.sendEvent(526) - responseCode = 200
2020-02-05 13:18:44 INFO  ApacheHttpClient.sendEvent(526) - responseCode = 200
2020-02-05 13:19:44 INFO  ApacheHttpClient.sendEvent(526) - responseCode = 200
2020-02-05 13:20:44 INFO  ApacheHttpClient.sendEvent(526) - responseCode = 200
2020-02-05 13:21:44 INFO  ApacheHttpClient.sendEvent(526) - responseCode = 200
2020-02-05 13:22:44 INFO  ApacheHttpClient.sendEvent(526) - responseCode = 200
2020-02-05 13:23:44 INFO  ApacheHttpClient.sendEvent(526) - responseCode = 200
2020-02-05 13:24:44 INFO  ApacheHttpClient.sendEvent(526) - responseCode = 200
2020-02-05 13:25:44 INFO  ApacheHttpClient.sendEvent(526) - responseCode = 200
2020-02-05 13:26:44 INFO  ApacheHttpClient.sendEvent(526) - responseCode = 200
2020-02-05 13:27:44 INFO  ApacheHttpClient.sendEvent(526) - responseCode = 200
2020-02-05 13:28:44 INFO  ApacheHttpClient.sendEvent(526) - responseCode = 200
2020-02-05 13:29:44 INFO  ApacheHttpClient.sendEvent(526) - responseCode = 200
2020-02-05 13:30:44 INFO  ApacheHttpClient.sendEvent(526) - responseCode = 200
2020-02-05 13:31:44 INFO  ApacheHttpClient.sendEvent(526) - responseCode = 200
2020-02-05 13:32:44 INFO  ApacheHttpClient.sendEvent(526) - responseCode = 200
2020-02-05 13:33:44 INFO  ApacheHttpClient.sendEvent(526) - responseCode = 200
2020-02-05 13:34:44 INFO  ApacheHttpClient.sendEvent(526) - responseCode = 200
2020-02-05 13:35:44 INFO  ApacheHttpClient.sendEvent(526) - responseCode = 200
2020-02-05 13:36:44 INFO  ApacheHttpClient.sendEvent(526) - responseCode = 200
2020-02-05 13:37:22 INFO  ApacheHttpClient.getWebResourceAsStream(493) - responseCode = 200
2020-02-05 13:37:22 INFO  ApacheHttpClient.getTask(479) - responseCode = 200
2020-02-05 13:37:22 INFO  ApacheHttpClient.getWebResourceAsStream(493) - responseCode = 200
2020-02-05 13:37:25 INFO  ApacheHttpClient.completed(28) - responseCode = 200
2020-02-05 13:37:25 INFO  ApacheHttpClient.getTask(479) - responseCode = 200
2020-02-05 13:37:44 INFO  ApacheHttpClient.sendEvent(526) - responseCode = 200
2020-02-05 13:38:44 INFO  ApacheHttpClient.sendEvent(526) - responseCode = 200
2020-02-05 13:39:28 INFO  ApacheHttpClient.getWebResourceAsStream(493) - responseCode = 200
2020-02-05 13:39:28 INFO  ApacheHttpClient.getFilteredTasks(332) - responseCode = 200
2020-02-05 13:39:32 INFO  ApacheHttpClient.getTaskTemplateInfo(349) - responseCode = 200
